Using pre-set license
Built from '2020.3/release' branch; Version is '2020.3.12f1 (b3b2c6512326) revision 11776710'; Using compiler version '192528614'; Build Type 'Release'
OS: 'Windows 10 Education; OS build 19042.1288; Version 2009; 64bit' Language: 'de' Physical Memory: 16295 MB
BatchMode: 1, IsHumanControllingUs: 0, StartBugReporterOnCrash: 0, Is64bit: 1, IsPro: 0

 COMMAND LINE ARGUMENTS:
C:\Program Files\Unity\Hub\Editor\2020.3.12f1\Editor\Unity.exe
-adb2
-batchMode
-noUpm
-name
AssetImportWorker0
-projectPath
F:/CGL_Repos/05_CozySoundwalk/CGL_BA3_Sound Stroll
-logFile
Logs/AssetImportWorker0.log
-srvPort
59820
Successfully changed project path to: F:/CGL_Repos/05_CozySoundwalk/CGL_BA3_Sound Stroll
F:/CGL_Repos/05_CozySoundwalk/CGL_BA3_Sound Stroll
Using Asset Import Pipeline V2.
Refreshing native plugins compatible for Editor in 27.77 ms, found 0 plugins.
Preloading 0 native plugins for Editor in 0.00 ms.
Initialize engine version: 2020.3.12f1 (b3b2c6512326)
[Subsystems] Discovering subsystems at path C:/Program Files/Unity/Hub/Editor/2020.3.12f1/Editor/Data/Resources/UnitySubsystems
[Subsystems] Discovering subsystems at path F:/CGL_Repos/05_CozySoundwalk/CGL_BA3_Sound Stroll/Assets
GfxDevice: creating device client; threaded=0
Direct3D:
    Version:  Direct3D 11.0 [level 11.1]
    Renderer: NVIDIA GeForce GTX 1070 (ID=0x1b81)
    Vendor:   
    VRAM:     8088 MB
    Driver:   27.21.14.5671
Initialize mono
Mono path[0] = 'C:/Program Files/Unity/Hub/Editor/2020.3.12f1/Editor/Data/Managed'
Mono path[1] = 'C:/Program Files/Unity/Hub/Editor/2020.3.12f1/Editor/Data/MonoBleedingEdge/lib/mono/unityjit'
Mono config path = 'C:/Program Files/Unity/Hub/Editor/2020.3.12f1/Editor/Data/MonoBleedingEdge/etc'
Using monoOptions --debugger-agent=transport=dt_socket,embedding=1,server=y,suspend=n,address=127.0.0.1:56224
Begin MonoManager ReloadAssembly
Registering precompiled unity dll's ...
Register platform support module: C:/Program Files/Unity/Hub/Editor/2020.3.12f1/Editor/Data/PlaybackEngines/WebGLSupport/UnityEditor.WebGL.Extensions.dll
Register platform support module: C:/Program Files/Unity/Hub/Editor/2020.3.12f1/Editor/Data/PlaybackEngines/WindowsStandaloneSupport/UnityEditor.WindowsStandalone.Extensions.dll
Registered in 0.003272 seconds.
Native extension for WindowsStandalone target not found
Native extension for WebGL target not found
Refreshing native plugins compatible for Editor in 27.62 ms, found 0 plugins.
Preloading 0 native plugins for Editor in 0.00 ms.
Mono: successfully reloaded assembly
- Completed reload, in  1.163 seconds
Platform modules already initialized, skipping
Registering precompiled user dll's ...
Registered in 0.001026 seconds.
Begin MonoManager ReloadAssembly
Native extension for WindowsStandalone target not found
Native extension for WebGL target not found
Refreshing native plugins compatible for Editor in 0.25 ms, found 0 plugins.
Preloading 0 native plugins for Editor in 0.00 ms.
Mono: successfully reloaded assembly
- Completed reload, in  0.830 seconds
Platform modules already initialized, skipping
========================================================================
Worker process is ready to serve import requests
Launched and connected shader compiler UnityShaderCompiler.exe after 0.06 seconds
Refreshing native plugins compatible for Editor in 0.32 ms, found 0 plugins.
Preloading 0 native plugins for Editor in 0.00 ms.
Unloading 1503 Unused Serialized files (Serialized files now loaded: 0)
System memory in use before: 93.3 MB.
System memory in use after: 93.4 MB.

Unloading 80 unused Assets to reduce memory usage. Loaded Objects now: 1966.
Total: 1.767200 ms (FindLiveObjects: 0.147200 ms CreateObjectMapping: 0.048500 ms MarkObjects: 1.411700 ms  DeleteObjects: 0.158800 ms)

AssetImportParameters requested are different than current active one (requested -> active):
  custom:framework-win-MediaFoundation: 216162199b28c13a410421893ffa2e32 -> 
  custom:video-decoder-ogg-theora: a1e56fd34408186e4bbccfd4996cb3dc -> 
  custom:container-muxer-webm: aa71ff27fc2769a1b78a27578f13a17b -> 
  custom:container-demuxer-webm: 4f35f7cbe854078d1ac9338744f61a02 -> 
  custom:container-demuxer-ogg: 62fdf1f143b41e24485cea50d1cbac27 -> 
  custom:video-encoder-webm-vp8: eb34c28f22e8b96e1ab97ce403110664 -> 
  custom:video-codec-MediaFoundation-h265: 746d11721c4dcdbdad8f713fa42b33f4 -> 
  custom:video-decoder-webm-vp8: 9c59270c3fd7afecdb556c50c9e8de78 -> 
  custom:audio-decoder-ogg-vorbis: bf7c407c2cedff20999df2af8eb42d56 -> 
  custom:audio-encoder-webm-vorbis: bf7c407c2cedff20999df2af8eb42d56 -> 
========================================================================
Received Import Request.
  path: Assets/Standard Assets
  artifactKey: Guid(461fecbdc8e44064faaab6636e56ad39) Importer(815301076,1909f56bfc062723c751e8b465ee728b)
Start importing Assets/Standard Assets using Guid(461fecbdc8e44064faaab6636e56ad39) Importer(815301076,1909f56bfc062723c751e8b465ee728b)  -> (artifact id: 'c0cae3348c335324fa9c55ebabec3b20') in 0.006287 seconds 
  Import took 0.008369 seconds .

========================================================================
Received Prepare
Registering precompiled user dll's ...
Registered in 0.001241 seconds.
Begin MonoManager ReloadAssembly
Native extension for WindowsStandalone target not found
Native extension for WebGL target not found
Refreshing native plugins compatible for Editor in 0.33 ms, found 0 plugins.
Preloading 0 native plugins for Editor in 0.00 ms.
Mono: successfully reloaded assembly
- Completed reload, in  1.052 seconds
Platform modules already initialized, skipping
Refreshing native plugins compatible for Editor in 0.33 ms, found 0 plugins.
Preloading 0 native plugins for Editor in 0.00 ms.
Unloading 1422 Unused Serialized files (Serialized files now loaded: 0)
System memory in use before: 89.1 MB.
System memory in use after: 86.5 MB.

Unloading 83 unused Assets to reduce memory usage. Loaded Objects now: 1973.
Total: 3.486700 ms (FindLiveObjects: 0.157600 ms CreateObjectMapping: 0.051200 ms MarkObjects: 1.397500 ms  DeleteObjects: 1.878900 ms)

AssetImportParameters requested are different than current active one (requested -> active):
  custom:framework-win-MediaFoundation: 216162199b28c13a410421893ffa2e32 -> 
  custom:video-decoder-ogg-theora: a1e56fd34408186e4bbccfd4996cb3dc -> 
  custom:container-muxer-webm: aa71ff27fc2769a1b78a27578f13a17b -> 
  custom:container-demuxer-webm: 4f35f7cbe854078d1ac9338744f61a02 -> 
  custom:container-demuxer-ogg: 62fdf1f143b41e24485cea50d1cbac27 -> 
  custom:video-encoder-webm-vp8: eb34c28f22e8b96e1ab97ce403110664 -> 
  custom:video-codec-MediaFoundation-h265: 746d11721c4dcdbdad8f713fa42b33f4 -> 
  custom:video-decoder-webm-vp8: 9c59270c3fd7afecdb556c50c9e8de78 -> 
  custom:audio-decoder-ogg-vorbis: bf7c407c2cedff20999df2af8eb42d56 -> 
  custom:audio-encoder-webm-vorbis: bf7c407c2cedff20999df2af8eb42d56 -> 
========================================================================
Received Import Request.
  Time since last request: 943.355865 seconds.
  path: Assets/HandpaintedVol2Campsite/Prefabs/Main Camera.prefab
  artifactKey: Guid(74629e9650b23824bafd92402e06d2d7) Importer(815301076,1909f56bfc062723c751e8b465ee728b)
Start importing Assets/HandpaintedVol2Campsite/Prefabs/Main Camera.prefab using Guid(74629e9650b23824bafd92402e06d2d7) Importer(815301076,1909f56bfc062723c751e8b465ee728b)  -> (artifact id: 'f740d89d70e3536b873daa768bbd23aa') in 0.056006 seconds 
  Import took 0.058622 seconds .

========================================================================
Received Import Request.
  Time since last request: 13.813602 seconds.
  path: Assets/HandpaintedVol2Campsite/Meshes/Prefab/Props/Prop_Coin_03_Gold.prefab
  artifactKey: Guid(e2a0f054f835fda48bf58319113fa489) Importer(815301076,1909f56bfc062723c751e8b465ee728b)
Start importing Assets/HandpaintedVol2Campsite/Meshes/Prefab/Props/Prop_Coin_03_Gold.prefab using Guid(e2a0f054f835fda48bf58319113fa489) Importer(815301076,1909f56bfc062723c751e8b465ee728b)  -> (artifact id: '804b8e8a2da5e5d49946265b54cde0b9') in 0.248005 seconds 
  Import took 0.251004 seconds .

========================================================================
Received Import Request.
  Time since last request: 0.000161 seconds.
  path: Assets/HandpaintedVol2Campsite/Meshes/Prefab/Props/Prop_Candle_02.prefab
  artifactKey: Guid(5c71a8084d0f3a84abc45e4f0dc7df50) Importer(815301076,1909f56bfc062723c751e8b465ee728b)
Start importing Assets/HandpaintedVol2Campsite/Meshes/Prefab/Props/Prop_Candle_02.prefab using Guid(5c71a8084d0f3a84abc45e4f0dc7df50) Importer(815301076,1909f56bfc062723c751e8b465ee728b)  -> (artifact id: 'eacd88833e14cd393978335813d4f652') in 0.117999 seconds 
  Import took 0.120997 seconds .

========================================================================
Received Import Request.
  Time since last request: 0.000214 seconds.
  path: Assets/HandpaintedVol2Campsite/Meshes/Prefab/Props/Prop_Pillow_07.prefab
  artifactKey: Guid(4fb9edc23d149ad4fa38e0cd977efaaa) Importer(815301076,1909f56bfc062723c751e8b465ee728b)
Start importing Assets/HandpaintedVol2Campsite/Meshes/Prefab/Props/Prop_Pillow_07.prefab using Guid(4fb9edc23d149ad4fa38e0cd977efaaa) Importer(815301076,1909f56bfc062723c751e8b465ee728b)  -> (artifact id: 'c8ca076b9a2b9e485b2970b15bcd3773') in 0.033392 seconds 
  Import took 0.036360 seconds .

========================================================================
Received Import Request.
  Time since last request: 0.063381 seconds.
  path: Assets/HandpaintedVol2Campsite/Meshes/Prefab/Props/Prop_Coin_03_Silver.prefab
  artifactKey: Guid(637ec3d524411644b87365f4a305ea7f) Importer(815301076,1909f56bfc062723c751e8b465ee728b)
Start importing Assets/HandpaintedVol2Campsite/Meshes/Prefab/Props/Prop_Coin_03_Silver.prefab using Guid(637ec3d524411644b87365f4a305ea7f) Importer(815301076,1909f56bfc062723c751e8b465ee728b)  -> (artifact id: 'beb420a4e1cf302bf7a28383b9cc4b21') in 0.016936 seconds 
  Import took 0.020499 seconds .

========================================================================
Received Import Request.
  Time since last request: 0.080790 seconds.
  path: Assets/HandpaintedVol2Campsite/Meshes/Prefab/Props/Prop_Pillow_04_Weaved.prefab
  artifactKey: Guid(aa14682a1f58c3b46995f6ed33e794d2) Importer(815301076,1909f56bfc062723c751e8b465ee728b)
Start importing Assets/HandpaintedVol2Campsite/Meshes/Prefab/Props/Prop_Pillow_04_Weaved.prefab using Guid(aa14682a1f58c3b46995f6ed33e794d2) Importer(815301076,1909f56bfc062723c751e8b465ee728b)  -> (artifact id: 'ea2acc6930dae650a53f8f1450b3f9a5') in 0.019667 seconds 
  Import took 0.023078 seconds .

========================================================================
Received Import Request.
  Time since last request: 0.077870 seconds.
  path: Assets/HandpaintedVol2Campsite/Meshes/Prefab/Props/Prop_SleepingBag_03.prefab
  artifactKey: Guid(4729c6752d185de44949abf4becbd188) Importer(815301076,1909f56bfc062723c751e8b465ee728b)
Start importing Assets/HandpaintedVol2Campsite/Meshes/Prefab/Props/Prop_SleepingBag_03.prefab using Guid(4729c6752d185de44949abf4becbd188) Importer(815301076,1909f56bfc062723c751e8b465ee728b)  -> (artifact id: 'd2069a0214c4df4e41e727c1046935e4') in 0.022202 seconds 
  Import took 0.025510 seconds .

========================================================================
Received Import Request.
  Time since last request: 0.073828 seconds.
  path: Assets/HandpaintedVol2Campsite/Meshes/Prefab/Props/Prop_Pillow_05.prefab
  artifactKey: Guid(d1ff5f89c4cd60b47a9909452eeaa384) Importer(815301076,1909f56bfc062723c751e8b465ee728b)
Start importing Assets/HandpaintedVol2Campsite/Meshes/Prefab/Props/Prop_Pillow_05.prefab using Guid(d1ff5f89c4cd60b47a9909452eeaa384) Importer(815301076,1909f56bfc062723c751e8b465ee728b)  -> (artifact id: '71694e1ab26bbc41187c5e91919e4dbe') in 0.020957 seconds 
  Import took 0.023749 seconds .

========================================================================
Received Import Request.
  Time since last request: 0.074878 seconds.
  path: Assets/HandpaintedVol2Campsite/Meshes/Prefab/Props/Prop_SleepingBag_04.prefab
  artifactKey: Guid(d2164987dc4a89143bc736e1b4811130) Importer(815301076,1909f56bfc062723c751e8b465ee728b)
Start importing Assets/HandpaintedVol2Campsite/Meshes/Prefab/Props/Prop_SleepingBag_04.prefab using Guid(d2164987dc4a89143bc736e1b4811130) Importer(815301076,1909f56bfc062723c751e8b465ee728b)  -> (artifact id: 'e40ac3a34728b182fcc7bc4bc8708ce3') in 0.016513 seconds 
  Import took 0.019381 seconds .

========================================================================
Received Import Request.
  Time since last request: 0.085504 seconds.
  path: Assets/HandpaintedVol2Campsite/Meshes/Prefab/Props/Prop_Potion_Support_Full.prefab
  artifactKey: Guid(f8189f5bfc184504da09d2074eedaf47) Importer(815301076,1909f56bfc062723c751e8b465ee728b)
Start importing Assets/HandpaintedVol2Campsite/Meshes/Prefab/Props/Prop_Potion_Support_Full.prefab using Guid(f8189f5bfc184504da09d2074eedaf47) Importer(815301076,1909f56bfc062723c751e8b465ee728b)  -> (artifact id: 'd8386c5470514158d216969f4f6651d9') in 0.030980 seconds 
  Import took 0.034189 seconds .

========================================================================
Received Import Request.
  Time since last request: 0.066004 seconds.
  path: Assets/HandpaintedVol2Campsite/Meshes/Prefab/Props/Prop_Coin_02_Silver_Stack.prefab
  artifactKey: Guid(c0ae80c619f218b4293b10f6fdc85a3b) Importer(815301076,1909f56bfc062723c751e8b465ee728b)
Start importing Assets/HandpaintedVol2Campsite/Meshes/Prefab/Props/Prop_Coin_02_Silver_Stack.prefab using Guid(c0ae80c619f218b4293b10f6fdc85a3b) Importer(815301076,1909f56bfc062723c751e8b465ee728b)  -> (artifact id: '87eb38e57eaaafc85cb6f0909dd0b927') in 0.019916 seconds 
  Import took 0.023248 seconds .

========================================================================
Received Import Request.
  Time since last request: 0.080338 seconds.
  path: Assets/HandpaintedVol2Campsite/Meshes/Prefab/Props/Prop_Support_01_Variation_03.prefab
  artifactKey: Guid(6a17b00cab0ca2b40a28c54a4879a16a) Importer(815301076,1909f56bfc062723c751e8b465ee728b)
Start importing Assets/HandpaintedVol2Campsite/Meshes/Prefab/Props/Prop_Support_01_Variation_03.prefab using Guid(6a17b00cab0ca2b40a28c54a4879a16a) Importer(815301076,1909f56bfc062723c751e8b465ee728b)  -> (artifact id: 'dd83a51baaf1ffbcfc43f857e44fbab2') in 0.121985 seconds 
  Import took 0.129941 seconds .

========================================================================
Received Import Request.
  Time since last request: 0.000184 seconds.
  path: Assets/HandpaintedVol2Campsite/Meshes/Prefab/Props/Prop_Coin_02_Copper.prefab
  artifactKey: Guid(2b98b2f1e0166aa448186fe583fc014b) Importer(815301076,1909f56bfc062723c751e8b465ee728b)
Start importing Assets/HandpaintedVol2Campsite/Meshes/Prefab/Props/Prop_Coin_02_Copper.prefab using Guid(2b98b2f1e0166aa448186fe583fc014b) Importer(815301076,1909f56bfc062723c751e8b465ee728b)  -> (artifact id: '540767b0fc6b717de4012c247336169a') in 0.014950 seconds 
  Import took 0.018399 seconds .

========================================================================
Received Import Request.
  Time since last request: 0.082419 seconds.
  path: Assets/HandpaintedVol2Campsite/Meshes/Prefab/Props/Prop_Table_01_Variation_03.prefab
  artifactKey: Guid(6d9dc570885f78b449f2e7d338a36da1) Importer(815301076,1909f56bfc062723c751e8b465ee728b)
Start importing Assets/HandpaintedVol2Campsite/Meshes/Prefab/Props/Prop_Table_01_Variation_03.prefab using Guid(6d9dc570885f78b449f2e7d338a36da1) Importer(815301076,1909f56bfc062723c751e8b465ee728b)  -> (artifact id: '841597894d626136b4d82db84de20ac3') in 0.526432 seconds 
  Import took 0.535742 seconds .

========================================================================
Received Import Request.
  Time since last request: 0.000167 seconds.
  path: Assets/HandpaintedVol2Campsite/Meshes/Prefab/Props/Prop_Support_01_Variation_01.prefab
  artifactKey: Guid(832458d8f4d31b44180c6745e210c516) Importer(815301076,1909f56bfc062723c751e8b465ee728b)
Start importing Assets/HandpaintedVol2Campsite/Meshes/Prefab/Props/Prop_Support_01_Variation_01.prefab using Guid(832458d8f4d31b44180c6745e210c516) Importer(815301076,1909f56bfc062723c751e8b465ee728b)  -> (artifact id: '1dfa8d1ec2607f9fc950035f9e95f305') in 0.254642 seconds 
  Import took 0.262576 seconds .

========================================================================
Received Import Request.
  Time since last request: 0.000177 seconds.
  path: Assets/HandpaintedVol2Campsite/Meshes/Prefab/Props/Prop_Pillow_06.prefab
  artifactKey: Guid(5ec738c827d84ff4687d76a843757cec) Importer(815301076,1909f56bfc062723c751e8b465ee728b)
Start importing Assets/HandpaintedVol2Campsite/Meshes/Prefab/Props/Prop_Pillow_06.prefab using Guid(5ec738c827d84ff4687d76a843757cec) Importer(815301076,1909f56bfc062723c751e8b465ee728b)  -> (artifact id: 'cd5a14bd8d244333c42a7f0a5f92f4c8') in 0.019558 seconds 
  Import took 0.022658 seconds .

========================================================================
Received Import Request.
  Time since last request: 0.079421 seconds.
  path: Assets/HandpaintedVol2Campsite/Meshes/Prefab/Props/Prop_Coin_01_Silver.prefab
  artifactKey: Guid(9703ed7152678224e909f896d5fe7885) Importer(815301076,1909f56bfc062723c751e8b465ee728b)
Start importing Assets/HandpaintedVol2Campsite/Meshes/Prefab/Props/Prop_Coin_01_Silver.prefab using Guid(9703ed7152678224e909f896d5fe7885) Importer(815301076,1909f56bfc062723c751e8b465ee728b)  -> (artifact id: '8a1c7efbf3167cf7660cc8d82229be33') in 0.013188 seconds 
  Import took 0.016153 seconds .

========================================================================
Received Import Request.
  Time since last request: 0.090319 seconds.
  path: Assets/HandpaintedVol2Campsite/Meshes/Prefab/Props/Prop_SleepingBag_02.prefab
  artifactKey: Guid(caa482e930682aa4fb9b7070d27a87dd) Importer(815301076,1909f56bfc062723c751e8b465ee728b)
Start importing Assets/HandpaintedVol2Campsite/Meshes/Prefab/Props/Prop_SleepingBag_02.prefab using Guid(caa482e930682aa4fb9b7070d27a87dd) Importer(815301076,1909f56bfc062723c751e8b465ee728b)  -> (artifact id: 'b47b711d63798efb2ddb8682bef4d939') in 0.018396 seconds 
  Import took 0.021205 seconds .

========================================================================
Received Import Request.
  Time since last request: 0.086724 seconds.
  path: Assets/HandpaintedVol2Campsite/Meshes/Prefab/Props/Prop_Lamp_01.prefab
  artifactKey: Guid(4db6f309a63f70f428b1e18b46b5045e) Importer(815301076,1909f56bfc062723c751e8b465ee728b)
Start importing Assets/HandpaintedVol2Campsite/Meshes/Prefab/Props/Prop_Lamp_01.prefab using Guid(4db6f309a63f70f428b1e18b46b5045e) Importer(815301076,1909f56bfc062723c751e8b465ee728b)  -> (artifact id: 'cc1584c41065dda4217e8a46f8f3a5dc') in 0.015008 seconds 
  Import took 0.018279 seconds .

========================================================================
Received Import Request.
  Time since last request: 0.089303 seconds.
  path: Assets/HandpaintedVol2Campsite/Meshes/Prefab/Props/Prop_Table_01.prefab
  artifactKey: Guid(b7aea5ff945a94044afad218f8cc4048) Importer(815301076,1909f56bfc062723c751e8b465ee728b)
Start importing Assets/HandpaintedVol2Campsite/Meshes/Prefab/Props/Prop_Table_01.prefab using Guid(b7aea5ff945a94044afad218f8cc4048) Importer(815301076,1909f56bfc062723c751e8b465ee728b)  -> (artifact id: '400a308f2141eb1bd067dd269c099cda') in 0.017829 seconds 
  Import took 0.021122 seconds .

========================================================================
Received Import Request.
  Time since last request: 0.077069 seconds.
  path: Assets/HandpaintedVol2Campsite/Meshes/Prefab/Props/Prop_Torch_01_Lit.prefab
  artifactKey: Guid(42a6a0733bf7e08489aa58d4c7867156) Importer(815301076,1909f56bfc062723c751e8b465ee728b)
Start importing Assets/HandpaintedVol2Campsite/Meshes/Prefab/Props/Prop_Torch_01_Lit.prefab using Guid(42a6a0733bf7e08489aa58d4c7867156) Importer(815301076,1909f56bfc062723c751e8b465ee728b)  -> (artifact id: '08b7091f7ebb71d6827f4b32ba4f5725') in 0.020324 seconds 
  Import took 0.023574 seconds .

========================================================================
Received Import Request.
  Time since last request: 0.088565 seconds.
  path: Assets/HandpaintedVol2Campsite/Meshes/Prefab/Props/Prop_Coin_02_Gold.prefab
  artifactKey: Guid(2af9c786fed126f48bbbe50dd07547cb) Importer(815301076,1909f56bfc062723c751e8b465ee728b)
Start importing Assets/HandpaintedVol2Campsite/Meshes/Prefab/Props/Prop_Coin_02_Gold.prefab using Guid(2af9c786fed126f48bbbe50dd07547cb) Importer(815301076,1909f56bfc062723c751e8b465ee728b)  -> (artifact id: '898e28f2bcdeece925507ffa3d2e2da5') in 0.013000 seconds 
  Import took 0.015832 seconds .

========================================================================
Received Import Request.
  Time since last request: 0.085288 seconds.
  path: Assets/HandpaintedVol2Campsite/Meshes/Prefab/Props/Prop_Pillow_04_Leather.prefab
  artifactKey: Guid(6e8e0b979591f514789cdc7a850923b3) Importer(815301076,1909f56bfc062723c751e8b465ee728b)
Start importing Assets/HandpaintedVol2Campsite/Meshes/Prefab/Props/Prop_Pillow_04_Leather.prefab using Guid(6e8e0b979591f514789cdc7a850923b3) Importer(815301076,1909f56bfc062723c751e8b465ee728b)  -> (artifact id: '592766ee539163f1ad7121f75cb2a1f3') in 0.012587 seconds 
  Import took 0.015976 seconds .

========================================================================
Received Import Request.
  Time since last request: 0.087154 seconds.
  path: Assets/HandpaintedVol2Campsite/Meshes/Prefab/Props/Prop_Bench_01.prefab
  artifactKey: Guid(3394b176ac3025e4e84462e41d832774) Importer(815301076,1909f56bfc062723c751e8b465ee728b)
Start importing Assets/HandpaintedVol2Campsite/Meshes/Prefab/Props/Prop_Bench_01.prefab using Guid(3394b176ac3025e4e84462e41d832774) Importer(815301076,1909f56bfc062723c751e8b465ee728b)  -> (artifact id: '2d1b6369c429f79fa06b856bd4095ad3') in 0.017533 seconds 
  Import took 0.020276 seconds .

========================================================================
Received Import Request.
  Time since last request: 0.078764 seconds.
  path: Assets/HandpaintedVol2Campsite/Meshes/Prefab/Props/Prop_Coin_01_Gold_Stack.prefab
  artifactKey: Guid(84b32314a5f9a9341a2e085561c423fc) Importer(815301076,1909f56bfc062723c751e8b465ee728b)
Start importing Assets/HandpaintedVol2Campsite/Meshes/Prefab/Props/Prop_Coin_01_Gold_Stack.prefab using Guid(84b32314a5f9a9341a2e085561c423fc) Importer(815301076,1909f56bfc062723c751e8b465ee728b)  -> (artifact id: '9529337f5f7e1568c58c5ba60c45fcb7') in 0.017646 seconds 
  Import took 0.020590 seconds .

========================================================================
Received Import Request.
  Time since last request: 0.089413 seconds.
  path: Assets/HandpaintedVol2Campsite/Meshes/Prefab/Props/Prop_Potion_Support_Empty.prefab
  artifactKey: Guid(05aa09c29307fa5488680e46c565b6df) Importer(815301076,1909f56bfc062723c751e8b465ee728b)
Start importing Assets/HandpaintedVol2Campsite/Meshes/Prefab/Props/Prop_Potion_Support_Empty.prefab using Guid(05aa09c29307fa5488680e46c565b6df) Importer(815301076,1909f56bfc062723c751e8b465ee728b)  -> (artifact id: '8ca6321d642a6b2aca6dcc5ef7284df4') in 0.014620 seconds 
  Import took 0.017344 seconds .

========================================================================
Received Import Request.
  Time since last request: 0.083997 seconds.
  path: Assets/HandpaintedVol2Campsite/Meshes/Prefab/Props/Prop_Torch_01_Extinguished.prefab
  artifactKey: Guid(12a4175ae94d63840b990455617ea274) Importer(815301076,1909f56bfc062723c751e8b465ee728b)
Start importing Assets/HandpaintedVol2Campsite/Meshes/Prefab/Props/Prop_Torch_01_Extinguished.prefab using Guid(12a4175ae94d63840b990455617ea274) Importer(815301076,1909f56bfc062723c751e8b465ee728b)  -> (artifact id: 'd8393ea314d2a1fa341898ace52570f0') in 0.017739 seconds 
  Import took 0.021080 seconds .

========================================================================
Received Import Request.
  Time since last request: 0.086705 seconds.
  path: Assets/HandpaintedVol2Campsite/Meshes/Prefab/Props/Prop_Pillow_01_Base.prefab
  artifactKey: Guid(5ccd7aae3ff152e459547ca3c823cc54) Importer(815301076,1909f56bfc062723c751e8b465ee728b)
Start importing Assets/HandpaintedVol2Campsite/Meshes/Prefab/Props/Prop_Pillow_01_Base.prefab using Guid(5ccd7aae3ff152e459547ca3c823cc54) Importer(815301076,1909f56bfc062723c751e8b465ee728b)  -> (artifact id: 'c4e9e95d8614f4d3c36613581c784c2a') in 0.012849 seconds 
  Import took 0.015799 seconds .

========================================================================
Received Import Request.
  Time since last request: 0.083076 seconds.
  path: Assets/HandpaintedVol2Campsite/Meshes/Prefab/Props/Prop_Table_01_Variation_04.prefab
  artifactKey: Guid(748d36ebd5c68644789b6fbae70c9930) Importer(815301076,1909f56bfc062723c751e8b465ee728b)
Start importing Assets/HandpaintedVol2Campsite/Meshes/Prefab/Props/Prop_Table_01_Variation_04.prefab using Guid(748d36ebd5c68644789b6fbae70c9930) Importer(815301076,1909f56bfc062723c751e8b465ee728b)  -> (artifact id: '75387e926e2d8d025aa9024ea641d18b') in 0.079393 seconds 
  Import took 0.085789 seconds .

========================================================================
Received Import Request.
  Time since last request: 0.012691 seconds.
  path: Assets/HandpaintedVol2Campsite/Meshes/Prefab/Props/Prop_Support_01.prefab
  artifactKey: Guid(d53eea8e6d9a7dc49bb57c07d4e5e259) Importer(815301076,1909f56bfc062723c751e8b465ee728b)
Start importing Assets/HandpaintedVol2Campsite/Meshes/Prefab/Props/Prop_Support_01.prefab using Guid(d53eea8e6d9a7dc49bb57c07d4e5e259) Importer(815301076,1909f56bfc062723c751e8b465ee728b)  -> (artifact id: 'f9f0c997987539c4b88e091b4eb009af') in 0.022451 seconds 
  Import took 0.025677 seconds .

========================================================================
Received Import Request.
  Time since last request: 0.078389 seconds.
  path: Assets/HandpaintedVol2Campsite/Meshes/Prefab/Props/Prop_Coin_03_Copper.prefab
  artifactKey: Guid(15be6344d2646e64f9b842da47f595b7) Importer(815301076,1909f56bfc062723c751e8b465ee728b)
Start importing Assets/HandpaintedVol2Campsite/Meshes/Prefab/Props/Prop_Coin_03_Copper.prefab using Guid(15be6344d2646e64f9b842da47f595b7) Importer(815301076,1909f56bfc062723c751e8b465ee728b)  -> (artifact id: 'ab4725b07491b23685428b578a786f9a') in 0.014377 seconds 
  Import took 0.017139 seconds .

========================================================================
Received Import Request.
  Time since last request: 0.087108 seconds.
  path: Assets/HandpaintedVol2Campsite/Meshes/Prefab/Props/Prop_Pillow_01_Leather.prefab
  artifactKey: Guid(d090b194efb3cbc48823760b020570ef) Importer(815301076,1909f56bfc062723c751e8b465ee728b)
Start importing Assets/HandpaintedVol2Campsite/Meshes/Prefab/Props/Prop_Pillow_01_Leather.prefab using Guid(d090b194efb3cbc48823760b020570ef) Importer(815301076,1909f56bfc062723c751e8b465ee728b)  -> (artifact id: '593ccef374b4ba57fdb49faaa4c182d4') in 0.013688 seconds 
  Import took 0.016430 seconds .

========================================================================
Received Import Request.
  Time since last request: 0.083632 seconds.
  path: Assets/HandpaintedVol2Campsite/Meshes/Prefab/Props/Prop_Pillow_02_Base.prefab
  artifactKey: Guid(8d5ef79c038c6354bbc9321ce539972e) Importer(815301076,1909f56bfc062723c751e8b465ee728b)
Start importing Assets/HandpaintedVol2Campsite/Meshes/Prefab/Props/Prop_Pillow_02_Base.prefab using Guid(8d5ef79c038c6354bbc9321ce539972e) Importer(815301076,1909f56bfc062723c751e8b465ee728b)  -> (artifact id: '2b7315ee2c361a97c9e43b652becef20') in 0.013186 seconds 
  Import took 0.015922 seconds .

========================================================================
Received Import Request.
  Time since last request: 0.086337 seconds.
  path: Assets/HandpaintedVol2Campsite/Meshes/Prefab/Props/Prop_Support_01_Variation_02.prefab
  artifactKey: Guid(f1b8463869b84584a8144945b37ecb78) Importer(815301076,1909f56bfc062723c751e8b465ee728b)
Start importing Assets/HandpaintedVol2Campsite/Meshes/Prefab/Props/Prop_Support_01_Variation_02.prefab using Guid(f1b8463869b84584a8144945b37ecb78) Importer(815301076,1909f56bfc062723c751e8b465ee728b)  -> (artifact id: '392ac06282bda1a313f3e1c5030cbf68') in 0.046607 seconds 
  Import took 0.052338 seconds .

========================================================================
Received Import Request.
  Time since last request: 0.049251 seconds.
  path: Assets/HandpaintedVol2Campsite/Meshes/Prefab/Props/Prop_Coin_02_Silver.prefab
  artifactKey: Guid(7f0717834a79c4e42bd423ce6ce7fefd) Importer(815301076,1909f56bfc062723c751e8b465ee728b)
Start importing Assets/HandpaintedVol2Campsite/Meshes/Prefab/Props/Prop_Coin_02_Silver.prefab using Guid(7f0717834a79c4e42bd423ce6ce7fefd) Importer(815301076,1909f56bfc062723c751e8b465ee728b)  -> (artifact id: '3293adaf83fc0cef0526bd1fedc7ad29') in 0.013117 seconds 
  Import took 0.016038 seconds .

========================================================================
Received Import Request.
  Time since last request: 0.084563 seconds.
  path: Assets/HandpaintedVol2Campsite/Meshes/Prefab/Props/Prop_Wood_Plank.prefab
  artifactKey: Guid(6ff78d965e2ea5441b00bf2aa24a3aa8) Importer(815301076,1909f56bfc062723c751e8b465ee728b)
Start importing Assets/HandpaintedVol2Campsite/Meshes/Prefab/Props/Prop_Wood_Plank.prefab using Guid(6ff78d965e2ea5441b00bf2aa24a3aa8) Importer(815301076,1909f56bfc062723c751e8b465ee728b)  -> (artifact id: 'c52d69e665872a6b41a29e5a4bbe3212') in 0.017282 seconds 
  Import took 0.021252 seconds .

========================================================================
Received Import Request.
  Time since last request: 0.086022 seconds.
  path: Assets/HandpaintedVol2Campsite/Meshes/Prefab/Props/Prop_Candle_Lamp_01.prefab
  artifactKey: Guid(c34b77188ae021a4ebddad0fd44b1727) Importer(815301076,1909f56bfc062723c751e8b465ee728b)
Start importing Assets/HandpaintedVol2Campsite/Meshes/Prefab/Props/Prop_Candle_Lamp_01.prefab using Guid(c34b77188ae021a4ebddad0fd44b1727) Importer(815301076,1909f56bfc062723c751e8b465ee728b)  -> (artifact id: 'd2d13f3cfe12d1e559f231bb59f86773') in 0.014575 seconds 
  Import took 0.017509 seconds .

========================================================================
Received Import Request.
  Time since last request: 0.080815 seconds.
  path: Assets/HandpaintedVol2Campsite/Meshes/Prefab/Props/Prop_Pillow_04_Base.prefab
  artifactKey: Guid(9e5e07c5e50250644bae01a71a2c152a) Importer(815301076,1909f56bfc062723c751e8b465ee728b)
Start importing Assets/HandpaintedVol2Campsite/Meshes/Prefab/Props/Prop_Pillow_04_Base.prefab using Guid(9e5e07c5e50250644bae01a71a2c152a) Importer(815301076,1909f56bfc062723c751e8b465ee728b)  -> (artifact id: '3af5c54b11bb53859c4e0cbdbd8097cf') in 0.014284 seconds 
  Import took 0.017328 seconds .

========================================================================
Received Import Request.
  Time since last request: 0.082042 seconds.
  path: Assets/HandpaintedVol2Campsite/Meshes/Prefab/Props/Prop_Table_01_Variation_01.prefab
  artifactKey: Guid(7ddc4a3f64270894482b34c59c8e785a) Importer(815301076,1909f56bfc062723c751e8b465ee728b)
Start importing Assets/HandpaintedVol2Campsite/Meshes/Prefab/Props/Prop_Table_01_Variation_01.prefab using Guid(7ddc4a3f64270894482b34c59c8e785a) Importer(815301076,1909f56bfc062723c751e8b465ee728b)  -> (artifact id: 'd3e4b12d29657c1ef702d1deea56ad6e') in 0.075889 seconds 
  Import took 0.083883 seconds .

========================================================================
Received Import Request.
  Time since last request: 0.015596 seconds.
  path: Assets/HandpaintedVol2Campsite/Meshes/Prefab/Props/Prop_Pillow_02_Weaved.prefab
  artifactKey: Guid(2988dc57cbae2474eae819cb6b4e6006) Importer(815301076,1909f56bfc062723c751e8b465ee728b)
Start importing Assets/HandpaintedVol2Campsite/Meshes/Prefab/Props/Prop_Pillow_02_Weaved.prefab using Guid(2988dc57cbae2474eae819cb6b4e6006) Importer(815301076,1909f56bfc062723c751e8b465ee728b)  -> (artifact id: '09466453e54985c58856502993096c48') in 0.015976 seconds 
  Import took 0.018919 seconds .

========================================================================
Received Import Request.
  Time since last request: 0.084532 seconds.
  path: Assets/HandpaintedVol2Campsite/Meshes/Prefab/Props/Prop_Coin_03_Copper_Stack.prefab
  artifactKey: Guid(934bd41c8afd84342a98f0297e2bcd37) Importer(815301076,1909f56bfc062723c751e8b465ee728b)
Start importing Assets/HandpaintedVol2Campsite/Meshes/Prefab/Props/Prop_Coin_03_Copper_Stack.prefab using Guid(934bd41c8afd84342a98f0297e2bcd37) Importer(815301076,1909f56bfc062723c751e8b465ee728b)  -> (artifact id: 'de9bb49e19313b876894e72c1c3bf4b2') in 0.014627 seconds 
  Import took 0.017596 seconds .

========================================================================
Received Import Request.
  Time since last request: 0.080290 seconds.
  path: Assets/HandpaintedVol2Campsite/Meshes/Prefab/Props/Prop_Coin_01_Gold.prefab
  artifactKey: Guid(a1797083471470b44a609849ad926508) Importer(815301076,1909f56bfc062723c751e8b465ee728b)
Start importing Assets/HandpaintedVol2Campsite/Meshes/Prefab/Props/Prop_Coin_01_Gold.prefab using Guid(a1797083471470b44a609849ad926508) Importer(815301076,1909f56bfc062723c751e8b465ee728b)  -> (artifact id: 'f844c248056f294679fec187eb7c8b66') in 0.014538 seconds 
  Import took 0.017424 seconds .

========================================================================
Received Import Request.
  Time since last request: 0.089410 seconds.
  path: Assets/HandpaintedVol2Campsite/Meshes/Prefab/Props/Prop_SleepingBag_01.prefab
  artifactKey: Guid(e042f7c1b2a006d46bdf07652d28f518) Importer(815301076,1909f56bfc062723c751e8b465ee728b)
Start importing Assets/HandpaintedVol2Campsite/Meshes/Prefab/Props/Prop_SleepingBag_01.prefab using Guid(e042f7c1b2a006d46bdf07652d28f518) Importer(815301076,1909f56bfc062723c751e8b465ee728b)  -> (artifact id: '51fd8f37fd1cc82da27f54b6f164f967') in 0.015679 seconds 
  Import took 0.018918 seconds .

========================================================================
Received Import Request.
  Time since last request: 0.089327 seconds.
  path: Assets/HandpaintedVol2Campsite/Meshes/Prefab/Props/Prop_Table_01_Variation_02.prefab
  artifactKey: Guid(e47a8237206797a4f94d318ff5783ff3) Importer(815301076,1909f56bfc062723c751e8b465ee728b)
Start importing Assets/HandpaintedVol2Campsite/Meshes/Prefab/Props/Prop_Table_01_Variation_02.prefab using Guid(e47a8237206797a4f94d318ff5783ff3) Importer(815301076,1909f56bfc062723c751e8b465ee728b)  -> (artifact id: '683656a6c4e32b8cf6d0455f302ae59e') in 0.085885 seconds 
  Import took 0.094954 seconds .

========================================================================
Received Import Request.
  Time since last request: 0.011727 seconds.
  path: Assets/HandpaintedVol2Campsite/Meshes/Prefab/Props/Prop_Bucket_01.prefab
  artifactKey: Guid(6d01f3cc4e741a74ebeb31595852bfa1) Importer(815301076,1909f56bfc062723c751e8b465ee728b)
Start importing Assets/HandpaintedVol2Campsite/Meshes/Prefab/Props/Prop_Bucket_01.prefab using Guid(6d01f3cc4e741a74ebeb31595852bfa1) Importer(815301076,1909f56bfc062723c751e8b465ee728b)  -> (artifact id: 'f77d355e7435219c31b94914bb5db929') in 0.016403 seconds 
  Import took 0.019951 seconds .

========================================================================
Received Import Request.
  Time since last request: 0.087974 seconds.
  path: Assets/HandpaintedVol2Campsite/Meshes/Prefab/Props/Prop_Candle_01.prefab
  artifactKey: Guid(83df55acc02167644bd1971f8b241566) Importer(815301076,1909f56bfc062723c751e8b465ee728b)
Start importing Assets/HandpaintedVol2Campsite/Meshes/Prefab/Props/Prop_Candle_01.prefab using Guid(83df55acc02167644bd1971f8b241566) Importer(815301076,1909f56bfc062723c751e8b465ee728b)  -> (artifact id: '1170e2473f82461c67fdb21cf5eb9808') in 0.014774 seconds 
  Import took 0.017736 seconds .

========================================================================
Received Import Request.
  Time since last request: 0.086759 seconds.
  path: Assets/HandpaintedVol2Campsite/Meshes/Prefab/Props/Prop_Coin_01_Copper.prefab
  artifactKey: Guid(468cbd4377c32b649b55d89c07be9394) Importer(815301076,1909f56bfc062723c751e8b465ee728b)
Start importing Assets/HandpaintedVol2Campsite/Meshes/Prefab/Props/Prop_Coin_01_Copper.prefab using Guid(468cbd4377c32b649b55d89c07be9394) Importer(815301076,1909f56bfc062723c751e8b465ee728b)  -> (artifact id: 'e4d124ed37104bc4be6917e994ea3ab7') in 0.013599 seconds 
  Import took 0.016432 seconds .

========================================================================
Received Import Request.
  Time since last request: 3.157923 seconds.
  path: Assets/HandpaintedVol2Campsite/Meshes/Prefab/Structures/Structure_Tent_04_Variation_03.prefab
  artifactKey: Guid(a12311034b1378748a6bf6776fa681a5) Importer(815301076,1909f56bfc062723c751e8b465ee728b)
Start importing Assets/HandpaintedVol2Campsite/Meshes/Prefab/Structures/Structure_Tent_04_Variation_03.prefab using Guid(a12311034b1378748a6bf6776fa681a5) Importer(815301076,1909f56bfc062723c751e8b465ee728b)  -> (artifact id: '9f6e6cc6526c15b4319b05089b005079') in 0.094612 seconds 
  Import took 0.104661 seconds .

========================================================================
Received Import Request.
  Time since last request: 0.000176 seconds.
  path: Assets/HandpaintedVol2Campsite/Meshes/Prefab/Structures/Structure_Tent_03_Variation_01.prefab
  artifactKey: Guid(82272f2b49a5dc843b83dfbdd2f1f644) Importer(815301076,1909f56bfc062723c751e8b465ee728b)
Start importing Assets/HandpaintedVol2Campsite/Meshes/Prefab/Structures/Structure_Tent_03_Variation_01.prefab using Guid(82272f2b49a5dc843b83dfbdd2f1f644) Importer(815301076,1909f56bfc062723c751e8b465ee728b)  -> (artifact id: '3c67affa7b63e7e6fe1705aaab62cc4d') in 0.070257 seconds 
  Import took 0.077372 seconds .

========================================================================
Received Import Request.
  Time since last request: 0.027365 seconds.
  path: Assets/HandpaintedVol2Campsite/Meshes/Prefab/Structures/Structure_Tent_02.prefab
  artifactKey: Guid(cbf87a42a7b224746b9ddb2d9847d2c6) Importer(815301076,1909f56bfc062723c751e8b465ee728b)
Start importing Assets/HandpaintedVol2Campsite/Meshes/Prefab/Structures/Structure_Tent_02.prefab using Guid(cbf87a42a7b224746b9ddb2d9847d2c6) Importer(815301076,1909f56bfc062723c751e8b465ee728b)  -> (artifact id: '80fe992edba9c3cf4c0931728f2dbb3d') in 0.017528 seconds 
  Import took 0.020584 seconds .

========================================================================
Received Import Request.
  Time since last request: 0.080407 seconds.
  path: Assets/HandpaintedVol2Campsite/Meshes/Prefab/Structures/Structure_Tent_04.prefab
  artifactKey: Guid(cc1af437802c5fd4d9ab0886d2b5ca87) Importer(815301076,1909f56bfc062723c751e8b465ee728b)
Start importing Assets/HandpaintedVol2Campsite/Meshes/Prefab/Structures/Structure_Tent_04.prefab using Guid(cc1af437802c5fd4d9ab0886d2b5ca87) Importer(815301076,1909f56bfc062723c751e8b465ee728b)  -> (artifact id: 'af68f23c20237a6a3798825e08a78a18') in 0.017756 seconds 
  Import took 0.020700 seconds .

========================================================================
Received Import Request.
  Time since last request: 0.084597 seconds.
  path: Assets/HandpaintedVol2Campsite/Meshes/Prefab/Structures/Structure_Carriage_Closed.prefab
  artifactKey: Guid(01b117a8cd68ace4bb43785334b6f8ea) Importer(815301076,1909f56bfc062723c751e8b465ee728b)
Start importing Assets/HandpaintedVol2Campsite/Meshes/Prefab/Structures/Structure_Carriage_Closed.prefab using Guid(01b117a8cd68ace4bb43785334b6f8ea) Importer(815301076,1909f56bfc062723c751e8b465ee728b)  -> (artifact id: '8bf795a894b44d22e1251ccd1dcc33c4') in 0.043527 seconds 
  Import took 0.048556 seconds .

========================================================================
Received Import Request.
  Time since last request: 0.053118 seconds.
  path: Assets/HandpaintedVol2Campsite/Meshes/Prefab/Structures/Structure_Tent_04_Variation_01.prefab
  artifactKey: Guid(d9a1844f6ad16684c8ea67063a5b5334) Importer(815301076,1909f56bfc062723c751e8b465ee728b)
Start importing Assets/HandpaintedVol2Campsite/Meshes/Prefab/Structures/Structure_Tent_04_Variation_01.prefab using Guid(d9a1844f6ad16684c8ea67063a5b5334) Importer(815301076,1909f56bfc062723c751e8b465ee728b)  -> (artifact id: '800bc85bb80baa113e2b041f719f1cbb') in 0.049054 seconds 
  Import took 0.054496 seconds .

========================================================================
Received Import Request.
  Time since last request: 0.059243 seconds.
  path: Assets/HandpaintedVol2Campsite/Meshes/Prefab/Structures/Structure_Tent_01.prefab
  artifactKey: Guid(ea7f08710023ece439bbaabcfec61195) Importer(815301076,1909f56bfc062723c751e8b465ee728b)
Start importing Assets/HandpaintedVol2Campsite/Meshes/Prefab/Structures/Structure_Tent_01.prefab using Guid(ea7f08710023ece439bbaabcfec61195) Importer(815301076,1909f56bfc062723c751e8b465ee728b)  -> (artifact id: '934baa5f2fe5779c47e2e6abf1faae93') in 0.016612 seconds 
  Import took 0.019485 seconds .

========================================================================
Received Import Request.
  Time since last request: 0.081150 seconds.
  path: Assets/HandpaintedVol2Campsite/Meshes/Prefab/Structures/Structure_Stall_01.prefab
  artifactKey: Guid(4550677a5476b3d4b8a598796c576963) Importer(815301076,1909f56bfc062723c751e8b465ee728b)
Start importing Assets/HandpaintedVol2Campsite/Meshes/Prefab/Structures/Structure_Stall_01.prefab using Guid(4550677a5476b3d4b8a598796c576963) Importer(815301076,1909f56bfc062723c751e8b465ee728b)  -> (artifact id: 'a51cbd5226cac1de6324f065331a23ec') in 0.029288 seconds 
  Import took 0.033168 seconds .

========================================================================
Received Import Request.
  Time since last request: 0.071233 seconds.
  path: Assets/HandpaintedVol2Campsite/Meshes/Prefab/Structures/Structure_Stall_01_Variation_01.prefab
  artifactKey: Guid(b4ce37810fe7b0841aeaac3750582fdb) Importer(815301076,1909f56bfc062723c751e8b465ee728b)
Start importing Assets/HandpaintedVol2Campsite/Meshes/Prefab/Structures/Structure_Stall_01_Variation_01.prefab using Guid(b4ce37810fe7b0841aeaac3750582fdb) Importer(815301076,1909f56bfc062723c751e8b465ee728b)  -> (artifact id: '2928160071afb76a380cbe376fc02511') in 0.109748 seconds 
  Import took 0.119869 seconds .

========================================================================
Received Import Request.
  Time since last request: 0.000184 seconds.
  path: Assets/HandpaintedVol2Campsite/Meshes/Prefab/Structures/Structure_Tent_03.prefab
  artifactKey: Guid(bfbefd859100d15488ff96ebadb4f013) Importer(815301076,1909f56bfc062723c751e8b465ee728b)
Start importing Assets/HandpaintedVol2Campsite/Meshes/Prefab/Structures/Structure_Tent_03.prefab using Guid(bfbefd859100d15488ff96ebadb4f013) Importer(815301076,1909f56bfc062723c751e8b465ee728b)  -> (artifact id: '67c16feaecb82ff735ae5ded78abff9c') in 0.016924 seconds 
  Import took 0.020029 seconds .

========================================================================
Received Import Request.
  Time since last request: 0.082605 seconds.
  path: Assets/HandpaintedVol2Campsite/Meshes/Prefab/Structures/Structure_Stall_01_Variation_02.prefab
  artifactKey: Guid(f10be87ce0b41664fa5685693ddcc0d5) Importer(815301076,1909f56bfc062723c751e8b465ee728b)
Start importing Assets/HandpaintedVol2Campsite/Meshes/Prefab/Structures/Structure_Stall_01_Variation_02.prefab using Guid(f10be87ce0b41664fa5685693ddcc0d5) Importer(815301076,1909f56bfc062723c751e8b465ee728b)  -> (artifact id: 'bf095f8b7f728ac4073ed7422f6a59f0') in 0.109847 seconds 
  Import took 0.120587 seconds .

========================================================================
Received Import Request.
  Time since last request: 0.000188 seconds.
  path: Assets/HandpaintedVol2Campsite/Meshes/Prefab/Structures/Structure_Tent_03_Variation_02.prefab
  artifactKey: Guid(a9a9f04a38d79f5458854029f83de116) Importer(815301076,1909f56bfc062723c751e8b465ee728b)
Start importing Assets/HandpaintedVol2Campsite/Meshes/Prefab/Structures/Structure_Tent_03_Variation_02.prefab using Guid(a9a9f04a38d79f5458854029f83de116) Importer(815301076,1909f56bfc062723c751e8b465ee728b)  -> (artifact id: '9a067f5e23d9ccfc611eff77fed24820') in 0.072709 seconds 
  Import took 0.080184 seconds .

========================================================================
Received Import Request.
  Time since last request: 0.021605 seconds.
  path: Assets/HandpaintedVol2Campsite/Meshes/Prefab/Structures/Structure_Tent_04_Variation_02.prefab
  artifactKey: Guid(67bec72658f28d04f952a628a424252c) Importer(815301076,1909f56bfc062723c751e8b465ee728b)
Start importing Assets/HandpaintedVol2Campsite/Meshes/Prefab/Structures/Structure_Tent_04_Variation_02.prefab using Guid(67bec72658f28d04f952a628a424252c) Importer(815301076,1909f56bfc062723c751e8b465ee728b)  -> (artifact id: '219e6aeb8467d1be77244f69e706ba2d') in 0.054363 seconds 
  Import took 0.060748 seconds .

========================================================================
Received Import Request.
  Time since last request: 0.040274 seconds.
  path: Assets/HandpaintedVol2Campsite/Meshes/Prefab/Structures/Structure_Carriage_Variation_01.prefab
  artifactKey: Guid(b52ca8f45be4a094795a0dc365865fc7) Importer(815301076,1909f56bfc062723c751e8b465ee728b)
Start importing Assets/HandpaintedVol2Campsite/Meshes/Prefab/Structures/Structure_Carriage_Variation_01.prefab using Guid(b52ca8f45be4a094795a0dc365865fc7) Importer(815301076,1909f56bfc062723c751e8b465ee728b)  -> (artifact id: 'b13ea73eb0f891b7803c0a485d4ae1b5') in 0.097457 seconds 
  Import took 0.106558 seconds .

AssetImportWorkerClient::OnTransportError - code=2 error=End of file
